This file contains any messages produced by compilers while
running configure, to aid debugging if configure makes a mistake.

It was created by tsar configure 2.2.0, which was
generated by GNU Autoconf 2.68.  Invocation command line was

  $ ./configure 

## --------- ##
## Platform. ##
## --------- ##

hostname = gentoo
uname -m = x86_64
uname -r = 3.2.1-gentoo-r2-hungnv
uname -s = Linux
uname -v = #1 SMP Fri Feb 17 16:01:36 ICT 2012

/usr/bin/uname -p = Intel(R) Core(TM) i5 CPU M 540 @ 2.53GHz
/bin/uname -X     = unknown

/bin/arch              = unknown
/usr/bin/arch -k       = unknown
/usr/convex/getsysinfo = unknown
/usr/bin/hostinfo      = unknown
/bin/machine           = unknown
/usr/bin/oslevel       = unknown
/bin/universe          = unknown

PATH: /usr/local/bin
PATH: /usr/bin
PATH: /bin
PATH: /opt/bin
PATH: /usr/x86_64-pc-linux-gnu/gcc-bin/4.5.3
PATH: /usr/GNUstep/System/Tools
PATH: /usr/GNUstep/Local/Tools
PATH: /usr/lib/
PATH: /usr/sbin/
PATH: /sbin
PATH: /opt/
PATH: /usr/libexec


## ----------- ##
## Core tests. ##
## ----------- ##

configure:1814: checking for gcc
configure:1830: found /usr/bin/gcc
configure:1841: result: gcc
configure:2070: checking for C compiler version
configure:2079: gcc --version >&5
gcc (Gentoo 4.5.3-r1 p1.0, pie-0.4.5) 4.5.3
Copyright (C) 2010 Free Software Foundation, Inc.
This is free software; see the source for copying conditions.  There is NO
warranty; not even for MERCHANTABILITY or FITNESS FOR A PARTICULAR PURPOSE.

configure:2090: $? = 0
configure:2079: gcc -v >&5
Using built-in specs.
COLLECT_GCC=/usr/x86_64-pc-linux-gnu/gcc-bin/4.5.3/gcc
COLLECT_LTO_WRAPPER=/usr/libexec/gcc/x86_64-pc-linux-gnu/4.5.3/lto-wrapper
Target: x86_64-pc-linux-gnu
Configured with: /var/tmp/portage/sys-devel/gcc-4.5.3-r1/work/gcc-4.5.3/configure --prefix=/usr --bindir=/usr/x86_64-pc-linux-gnu/gcc-bin/4.5.3 --includedir=/usr/lib/gcc/x86_64-pc-linux-gnu/4.5.3/include --datadir=/usr/share/gcc-data/x86_64-pc-linux-gnu/4.5.3 --mandir=/usr/share/gcc-data/x86_64-pc-linux-gnu/4.5.3/man --infodir=/usr/share/gcc-data/x86_64-pc-linux-gnu/4.5.3/info --with-gxx-include-dir=/usr/lib/gcc/x86_64-pc-linux-gnu/4.5.3/include/g++-v4 --host=x86_64-pc-linux-gnu --build=x86_64-pc-linux-gnu --disable-altivec --disable-fixed-point --without-ppl --without-cloog --disable-lto --enable-nls --without-included-gettext --with-system-zlib --disable-werror --enable-secureplt --enable-multilib --enable-libmudflap --disable-libssp --enable-libgomp --with-python-dir=/share/gcc-data/x86_64-pc-linux-gnu/4.5.3/python --enable-checking=release --disable-libgcj --enable-languages=c,c++,objc,fortran --enable-shared --enable-threads=posix --enable-__cxa_atexit --enable-clocale=gnu --with-bugurl=http://bugs.gentoo.org/ --with-pkgversion='Gentoo 4.5.3-r1 p1.0, pie-0.4.5'
Thread model: posix
gcc version 4.5.3 (Gentoo 4.5.3-r1 p1.0, pie-0.4.5) 
configure:2090: $? = 0
configure:2079: gcc -V >&5
gcc: '-V' option must have argument
configure:2090: $? = 1
configure:2079: gcc -qversion >&5
gcc: unrecognized option '-qversion'
gcc: no input files
configure:2090: $? = 1
configure:2110: checking whether the C compiler works
configure:2132: gcc    conftest.c  >&5
configure:2136: $? = 0
configure:2184: result: yes
configure:2187: checking for C compiler default output file name
configure:2189: result: a.out
configure:2195: checking for suffix of executables
configure:2202: gcc -o conftest    conftest.c  >&5
configure:2206: $? = 0
configure:2228: result: 
configure:2250: checking whether we are cross compiling
configure:2258: gcc -o conftest    conftest.c  >&5
configure:2262: $? = 0
configure:2269: ./conftest
configure:2273: $? = 0
configure:2288: result: no
configure:2293: checking for suffix of object files
configure:2315: gcc -c   conftest.c >&5
configure:2319: $? = 0
configure:2340: result: o
configure:2344: checking whether we are using the GNU C compiler
configure:2363: gcc -c   conftest.c >&5
configure:2363: $? = 0
configure:2372: result: yes
configure:2381: checking whether gcc accepts -g
configure:2401: gcc -c -g  conftest.c >&5
configure:2401: $? = 0
configure:2442: result: yes
configure:2459: checking for gcc option to accept ISO C89
configure:2523: gcc  -c -g -O2  conftest.c >&5
configure:2523: $? = 0
configure:2536: result: none needed
configure:2599: checking for a BSD-compatible install
configure:2667: result: /usr/bin/install -c
configure:2682: checking for main in -ldl
configure:2701: gcc -o conftest -g -O2   conftest.c -ldl   >&5
configure:2701: $? = 0
configure:2710: result: yes
configure:2885: creating ./config.status

## ---------------------- ##
## Running config.status. ##
## ---------------------- ##

This file was extended by tsar config.status 2.2.0, which was
generated by GNU Autoconf 2.68.  Invocation command line was

  CONFIG_FILES    = 
  CONFIG_HEADERS  = 
  CONFIG_LINKS    = 
  CONFIG_COMMANDS = 
  $ ./config.status 

on gentoo

config.status:742: creating include/define.h
config.status:742: creating rpm/tsar.spec
config.status:742: creating Makefile
config.status:742: creating src/modules/Makefile
config.status:742: creating devel/Makefile
config.status:742: creating conf/Makefile
config.status:742: creating crontrib/Makefile
config.status:742: creating src/Makefile

## ---------------- ##
## Cache variables. ##
## ---------------- ##

ac_cv_c_compiler_gnu=yes
ac_cv_env_CC_set=
ac_cv_env_CC_value=
ac_cv_env_CFLAGS_set=
ac_cv_env_CFLAGS_value=
ac_cv_env_CPPFLAGS_set=
ac_cv_env_CPPFLAGS_value=
ac_cv_env_LDFLAGS_set=
ac_cv_env_LDFLAGS_value=
ac_cv_env_LIBS_set=
ac_cv_env_LIBS_value=
ac_cv_env_build_alias_set=
ac_cv_env_build_alias_value=
ac_cv_env_host_alias_set=
ac_cv_env_host_alias_value=
ac_cv_env_target_alias_set=
ac_cv_env_target_alias_value=
ac_cv_lib_dl_main=yes
ac_cv_objext=o
ac_cv_path_install='/usr/bin/install -c'
ac_cv_prog_ac_ct_CC=gcc
ac_cv_prog_cc_c89=
ac_cv_prog_cc_g=yes

## ----------------- ##
## Output variables. ##
## ----------------- ##

CC='gcc'
CFLAGS='-g -O2'
CPPFLAGS=''
DEFS='-DPACKAGE_NAME=\"tsar\" -DPACKAGE_TARNAME=\"tsar\" -DPACKAGE_VERSION=\"2.2.0\" -DPACKAGE_STRING=\"tsar\ 2.2.0\" -DPACKAGE_BUGREPORT=\"kongjian@taobao.com\" -DPACKAGE_URL=\"\" -DHAVE_LIBDL=1'
ECHO_C=''
ECHO_N='-n'
ECHO_T=''
EXEEXT=''
INSTALL_DATA='${INSTALL} -m 644'
INSTALL_PROGRAM='${INSTALL}'
INSTALL_SCRIPT='${INSTALL}'
LDFLAGS=''
LIBOBJS=''
LIBS='-ldl '
LTLIBOBJS=''
OBJEXT='o'
PACKAGE_BUGREPORT='kongjian@taobao.com'
PACKAGE_NAME='tsar'
PACKAGE_STRING='tsar 2.2.0'
PACKAGE_TARNAME='tsar'
PACKAGE_URL=''
PACKAGE_VERSION='2.2.0'
PATH_SEPARATOR=':'
SHELL='/bin/sh'
ac_ct_CC='gcc'
bindir='${exec_prefix}/bin'
build_alias=''
datadir='${datarootdir}'
datarootdir='${prefix}/share'
docdir='${datarootdir}/doc/${PACKAGE_TARNAME}'
dvidir='${docdir}'
exec_prefix='${prefix}'
host_alias=''
htmldir='${docdir}'
includedir='${prefix}/include'
infodir='${datarootdir}/info'
libdir='${exec_prefix}/lib'
libexecdir='${exec_prefix}/libexec'
localedir='${datarootdir}/locale'
localstatedir='${prefix}/var'
mandir='${datarootdir}/man'
oldincludedir='/usr/include'
pdfdir='${docdir}'
prefix='/usr/local'
program_transform_name='s,x,x,'
psdir='${docdir}'
sbindir='${exec_prefix}/sbin'
sharedstatedir='${prefix}/com'
sysconfdir='${prefix}/etc'
target_alias=''

## ----------- ##
## confdefs.h. ##
## ----------- ##

/* confdefs.h */
#define PACKAGE_NAME "tsar"
#define PACKAGE_TARNAME "tsar"
#define PACKAGE_VERSION "2.2.0"
#define PACKAGE_STRING "tsar 2.2.0"
#define PACKAGE_BUGREPORT "kongjian@taobao.com"
#define PACKAGE_URL ""
#define HAVE_LIBDL 1

configure: exit 0
